Log file open, 06/01/17 12:39:19
LogInit:Display: Running engine for game: ProgettoDiProva
LogPlatformFile: Not using cached read wrapper
LogInit:Display: RandInit(-421062290) SRandInit(-421062290).
LogTaskGraph: Started task graph with 5 named threads and 8 total threads with 1 sets of task threads.
LogStats: Stats thread started at 0.109233
LogInit: Using libcurl 7.47.1
LogInit:  - built for x86_64-pc-win32
LogInit:  - supports SSL with OpenSSL/1.0.2g
LogInit:  - supports HTTP deflate (compression) using libz 1.2.8
LogInit:  - other features:
LogInit:      CURL_VERSION_SSL
LogInit:      CURL_VERSION_LIBZ
LogInit:      CURL_VERSION_IPV6
LogInit:      CURL_VERSION_ASYNCHDNS
LogInit:      CURL_VERSION_LARGEFILE
LogInit:      CURL_VERSION_IDN
LogInit:  CurlRequestOptions (configurable via config and command line):
LogInit:  - bVerifyPeer = false  - Libcurl will NOT verify peer certificate
LogInit:  - bUseHttpProxy = false  - Libcurl will NOT use HTTP proxy
LogInit:  - bDontReuseConnections = false  - Libcurl will reuse connections
LogInit:  - CertBundlePath = nullptr  - Libcurl will use whatever was configured at build time.
LogInit: Build: ++UE4+Release-4.16-CL-0
LogInit: Engine Version: 4.16.0-0+++UE4+Release-4.16
LogInit: Compatible Engine Version: 4.16.0-0+++UE4+Release-4.16
LogInit: Net CL: 0
LogDevObjectVersion: Number of dev versions registered: 16
LogDevObjectVersion:   Dev-Blueprints (B0D832E4-1F89-4F0D-ACCF-7EB736FD4AA2): 9
LogDevObjectVersion:   Dev-Build (E1C64328-A22C-4D53-A36C-8E866417BD8C): 0
LogDevObjectVersion:   Dev-Core (375EC13C-06E4-48FB-B500-84F0262A717E): 2
LogDevObjectVersion:   Dev-Editor (E4B068ED-F494-42E9-A231-DA0B2E46BB41): 17
LogDevObjectVersion:   Dev-Framework (CFFC743F-43B0-4480-9391-14DF171D2073): 23
LogDevObjectVersion:   Dev-Mobile (B02B49B5-BB20-44E9-A304-32B752E40360): 0
LogDevObjectVersion:   Dev-Networking (A4E4105C-59A1-49B5-A7C5-40C4547EDFEE): 0
LogDevObjectVersion:   Dev-Online (39C831C9-5AE6-47DC-9A44-9C173E1C8E7C): 0
LogDevObjectVersion:   Dev-Physics (78F01B33-EBEA-4F98-B9B4-84EACCB95AA2): 0
LogDevObjectVersion:   Dev-Platform (6631380F-2D4D-43E0-8009-CF276956A95A): 0
LogDevObjectVersion:   Dev-Rendering (12F88B9F-8875-4AFC-A67C-D90C383ABD29): 15
LogDevObjectVersion:   Dev-Sequencer (7B5AE74C-D270-4C10-A958-57980B212A5A): 4
LogDevObjectVersion:   Dev-VR (D7296918-1DD6-4BDD-9DE2-64A83CC13884): 0
LogDevObjectVersion:   Dev-LoadTimes (C2A15278-BFE7-4AFE-6C17-90FF531DF755): 1
LogDevObjectVersion:   Private-Geometry (6EACA3D4-40EC-4CC1-B786-8BED09428FC5): 1
LogDevObjectVersion:   Dev-AnimPhys (29E575DD-E0A3-4627-9D10-D276232CDCEA): 3
LogInit: Compiled (64-bit): May 31 2017 14:51:08
LogInit: Compiled with Visual C++: 19.00.24215.01
LogInit: Build Configuration: Development
LogInit: Branch Name: ++UE4+Release-4.16
LogInit: Command line: "C:\TRealProjects\ProgettoDiProva\ProgettoDiProva.uproject" -run=ImportAssets -source="C:\Users\Loris\Documents\TReal\ObjExporter\data\rossa\additionalinfo.csv" -dest="/Game/Model" -importsettings="C:\Users\Loris\Documents\GitHub\UnrealEngine\Engine\Plugins\Tesy\TRealPlugin\\Extras\jsons\additionalinfo_importsettings.json"
LogInit: Base directory: C:/Users/Loris/Documents/GitHub/UnrealEngine/Engine/Binaries/Win64/
LogInit: Installed Engine Build: 0
LogInit: Presizing for max 8388607 objects, including 0 objects not considered by GC, pre-allocating 0 bytes for permanent pool.
LogInit: Object subsystem initialized
[2017.06.01-10.39.20:465][  0]LogInit: Selected Device Profile: [Windows]
[2017.06.01-10.39.20:465][  0]LogInit: Applying CVar settings loaded from the selected device profile: [Windows]
[2017.06.01-10.39.20:474][  0]LogInit: Computer: DESKTOP-QB3B66S
[2017.06.01-10.39.20:474][  0]LogInit: User: Loris
[2017.06.01-10.39.20:474][  0]LogInit: CPU Page size=4096, Cores=4
[2017.06.01-10.39.20:474][  0]LogInit: High frequency timer resolution =2.531252 MHz
[2017.06.01-10.39.20:474][  0]LogMemory: Memory total: Physical=15.9GB (16GB approx)
[2017.06.01-10.39.20:474][  0]LogMemory: Platform Memory Stats for Windows
[2017.06.01-10.39.20:474][  0]LogMemory: Process Physical Memory: 271.07 MB used, 271.07 MB peak
[2017.06.01-10.39.20:474][  0]LogMemory: Process Virtual Memory: 260.61 MB used, 260.61 MB peak
[2017.06.01-10.39.20:474][  0]LogMemory: Physical Memory: 7490.54 MB used,  8791.98 MB free, 16282.52 MB total
[2017.06.01-10.39.20:474][  0]LogMemory: Virtual Memory: 640.98 MB used,  8791.98 MB free, 134217728.00 MB total
[2017.06.01-10.39.20:938][  0]LogInit: Using OS detected language (it-IT).
[2017.06.01-10.39.20:938][  0]LogInit: Using OS detected locale (it-IT).
[2017.06.01-10.39.20:941][  0]LogTextLocalizationManager: No localization for 'it-IT' exists, so 'en' will be used for the language.
[2017.06.01-10.39.20:942][  0]LogTextLocalizationManager: No localization for 'it-IT' exists, so 'en' will be used for the locale.
[2017.06.01-10.39.21:945][  0]LogShaderCompilers: Guid format shader working directory is -8 characters bigger than the processId version (../../../../../../../../TRealProjects/ProgettoDiProva/Intermediate/Shaders/WorkingDirectory/16252/).
[2017.06.01-10.39.21:945][  0]LogShaderCompilers: Cleaned the shader compiler working directory 'C:/Users/Loris/AppData/Local/Temp/UnrealShaderWorkingDir/4C2FB0F140C252FA1900AABE245383BE/'.
[2017.06.01-10.39.21:945][  0]LogShaderCompilers:Display: Using Local Shader Compiler.
[2017.06.01-10.39.23:054][  0]LogTemp:Display: Loaded TP AllDesktopTargetPlatform
[2017.06.01-10.39.23:116][  0]LogTemp:Display: Loaded TP MacClientTargetPlatform
[2017.06.01-10.39.23:180][  0]LogTemp:Display: Loaded TP MacNoEditorTargetPlatform
[2017.06.01-10.39.23:251][  0]LogTemp:Display: Loaded TP MacServerTargetPlatform
[2017.06.01-10.39.23:316][  0]LogTemp:Display: Loaded TP MacTargetPlatform
[2017.06.01-10.39.23:380][  0]LogTemp:Display: Loaded TP WindowsClientTargetPlatform
[2017.06.01-10.39.23:444][  0]LogTemp:Display: Loaded TP WindowsNoEditorTargetPlatform
[2017.06.01-10.39.23:509][  0]LogTemp:Display: Loaded TP WindowsServerTargetPlatform
[2017.06.01-10.39.23:570][  0]LogTemp:Display: Loaded TP WindowsTargetPlatform
[2017.06.01-10.39.23:634][  0]LogTemp:Display: Loaded TP AndroidTargetPlatform
[2017.06.01-10.39.23:696][  0]LogTemp:Display: Loaded TP Android_ASTCTargetPlatform
[2017.06.01-10.39.23:760][  0]LogTemp:Display: Loaded TP Android_ATCTargetPlatform
[2017.06.01-10.39.23:821][  0]LogTemp:Display: Loaded TP Android_DXTTargetPlatform
[2017.06.01-10.39.23:883][  0]LogTemp:Display: Loaded TP Android_ETC1TargetPlatform
[2017.06.01-10.39.23:947][  0]LogTemp:Display: Loaded TP Android_ETC2TargetPlatform
[2017.06.01-10.39.24:070][  0]LogTemp:Display: Loaded TP Android_MultiTargetPlatform
[2017.06.01-10.39.24:070][  0]LogTemp:Display: Loaded TP Android_PVRTCTargetPlatform
[2017.06.01-10.39.24:128][  0]LogTemp:Display: Loaded TP HTML5TargetPlatform
[2017.06.01-10.39.24:239][  0]LogTemp:Display: Loaded TP IOSTargetPlatform
[2017.06.01-10.39.24:277][  0]LogTemp:Display: Loaded TP TVOSTargetPlatform
[2017.06.01-10.39.24:277][  0]LogTargetPlatformManager:Display: Building Assets For Windows
[2017.06.01-10.39.24:896][  0]LogDerivedDataCache:Display: Max Cache Size: 512 MB
[2017.06.01-10.39.24:905][  0]LogDerivedDataCache: Loaded boot cache 0.01s 7MB ../../../../../../../../TRealProjects/ProgettoDiProva/DerivedDataCache/Boot.ddc.
[2017.06.01-10.39.24:905][  0]LogDerivedDataCache:Display: Loaded Boot cache: ../../../../../../../../TRealProjects/ProgettoDiProva/DerivedDataCache/Boot.ddc
[2017.06.01-10.39.24:906][  0]LogDerivedDataCache: FDerivedDataBackendGraph:  Pak pak cache file ../../../../../../../../TRealProjects/ProgettoDiProva/DerivedDataCache/DDC.ddp not found, will not use a pak cache.
[2017.06.01-10.39.24:906][  0]LogDerivedDataCache: Unable to find inner node Pak for hierarchical cache Hierarchy.
[2017.06.01-10.39.24:906][  0]LogDerivedDataCache: FDerivedDataBackendGraph:  EnginePak pak cache file ../../../Engine/DerivedDataCache/DDC.ddp not found, will not use a pak cache.
[2017.06.01-10.39.24:906][  0]LogDerivedDataCache: Unable to find inner node EnginePak for hierarchical cache Hierarchy.
[2017.06.01-10.39.24:922][  0]LogDerivedDataCache: Using Local data cache path ../../../Engine/DerivedDataCache: Writable
[2017.06.01-10.39.24:922][  0]LogDerivedDataCache: Shared data cache path not found in *engine.ini, will not use an Shared cache.
[2017.06.01-10.39.24:922][  0]LogDerivedDataCache: Unable to find inner node Shared for hierarchical cache Hierarchy.
[2017.06.01-10.39.24:934][  0]LogMaterial: Verifying Global Shaders for PCD3D_SM5
[2017.06.01-10.39.25:451][  0]LogInit: Selected Device Profile: [Windows]
[2017.06.01-10.39.25:601][  0]LogMeshUtilities: Using QuadricMeshReduction for automatic static mesh reduction
[2017.06.01-10.39.25:617][  0]LogMeshUtilities: No automatic skeletal mesh reduction module available
[2017.06.01-10.39.25:617][  0]LogMeshUtilities: No automatic mesh merging module available
[2017.06.01-10.39.25:617][  0]LogMeshUtilities: No distributed automatic mesh merging module available
[2017.06.01-10.39.26:048][  0]LogNetVersion: ProgettoDiProva , NetCL: 0, EngineNetVer: 2, GameNetVer: 0 (Checksum: 2761777606)
[2017.06.01-10.39.26:089][  0]LogAssetRegistry: FAssetRegistry took 0.0027 seconds to start up
[2017.06.01-10.39.26:110][  0]LogPackageLocalizationCache: Processed 5 localized package path(s) for 1 prioritized culture(s) in 0.020286 seconds
[2017.06.01-10.39.26:191][  0]LogInit: WinSock: version 1.1 (2.2), MaxSocks=32767, MaxUdp=65467
[2017.06.01-10.39.29:140][  0]SourceControl: Info Source control is disabled
[2017.06.01-10.39.29:210][  0]SourceControl: Info Source control is disabled
[2017.06.01-10.39.29:290][  0]SourceControl: Info Source control is disabled
[2017.06.01-10.39.29:358][  0]SourceControl: Info Source control is disabled
[2017.06.01-10.39.30:496][  0]LogAndroidPermission: UAndroidPermissionCallbackProxy::GetInstance
[2017.06.01-10.39.31:418][  0]LogUObjectArray: 37652 objects as part of root set at end of initial load.
[2017.06.01-10.39.31:418][  0]LogUObjectAllocator: 8584408 out of 0 bytes used by permanent object pool.
[2017.06.01-10.39.31:418][  0]LogUObjectArray: CloseDisregardForGC: 0/0 objects in disregard for GC pool
[2017.06.01-10.39.31:418][  0]LogInit: Executing Class /Script/UnrealEd.ImportAssetsCommandlet
[2017.06.01-10.39.31:418][  0]LogInit: Initializing Editor Engine...
[2017.06.01-10.39.31:418][  0]LogEngine: Initializing Engine...
[2017.06.01-10.39.31:464][  0]LogStats: UGameplayTagsManager::ConstructGameplayTagTree: Construct from data asset -  0.000 s
[2017.06.01-10.39.31:464][  0]LogStats: UGameplayTagsManager::ConstructGameplayTagTree: GameplayTagTreeChangedEvent.Broadcast -  0.000 s
[2017.06.01-10.39.31:875][  0]LogAIModule: Creating AISystem for world Untitled
[2017.06.01-10.39.31:881][  0]LogDerivedDataCache: Saved boot cache 0.00s 7MB ../../../../../../../../TRealProjects/ProgettoDiProva/DerivedDataCache/Boot.ddc.
[2017.06.01-10.39.31:881][  0]LogInit: Texture streaming: Disabled
[2017.06.01-10.39.32:179][  0]LogInit: Initializing Editor Engine Completed
[2017.06.01-10.39.32:998][  0]LogAutomatedImport: Factory was not specified, will be set automatically
[2017.06.01-10.39.32:999][  0]SourceControl: Info Source control is disabled
[2017.06.01-10.39.32:999][  0]LogAutomatedImport:Error: Could not connect to source control!
[2017.06.01-10.39.33:002][  0]LogAutomatedImport: Importing group additionalinfo_csv_file
[2017.06.01-10.39.33:003][  0]LogFactory: FactoryCreateFile: DataTable with CSVImportFactory (0 1 C:\Users\Loris\Documents\TReal\ObjExporter\data\rossa\additionalinfo.csv)
[2017.06.01-10.39.33:003][  0]LogCSVImportFactory: Imported DataTable 'additionalinfo' - 0 Problems
[2017.06.01-10.39.33:005][  0]LogSavePackage: Save=1.22ms
[2017.06.01-10.39.33:005][  0]LogSavePackage: Moving '../../../../../../../../TRealProjects/ProgettoDiProva/Saved/additionalinfo0AC1C42A4B9C0F5D0B9584AD47C97E9E.tmp' to 'C:/TRealProjects/ProgettoDiProva/Content/Model/additionalinfo.uasset'
[2017.06.01-10.39.33:006][  0]LogSavePackage:Display: Finished SavePackage C:/TRealProjects/ProgettoDiProva/Content/Model/additionalinfo.uasset
[2017.06.01-10.39.33:011][  0]LogInit:Display: 
[2017.06.01-10.39.33:012][  0]LogInit:Display: Warning/Error Summary (Unique only)
[2017.06.01-10.39.33:014][  0]LogInit:Display: -----------------------------------
[2017.06.01-10.39.33:016][  0]LogInit:Display: LogAutomatedImport:Error: Could not connect to source control!
[2017.06.01-10.39.33:021][  0]LogInit:Display: 
[2017.06.01-10.39.33:022][  0]LogInit:Display: Failure - 1 error(s), 0 warning(s)
[2017.06.01-10.39.33:024][  0]LogInit:Display: 
Execution of commandlet took:  0.03 seconds
[2017.06.01-10.39.33:027][  0]LogExit: Preparing to exit.
[2017.06.01-10.39.33:101][  0]LogExit: Editor shut down
[2017.06.01-10.39.33:142][  0]LogObj: Freed 0b from 0 cluster array pools.
[2017.06.01-10.39.33:142][  0]LogExit: Object subsystem successfully closed.
[2017.06.01-10.39.33:174][  0]LogModuleManager: Shutting down and abandoning module MatineeToLevelSequence (352)
[2017.06.01-10.39.33:174][  0]LogModuleManager: Shutting down and abandoning module LevelSequenceEditor (350)
[2017.06.01-10.39.33:174][  0]LogModuleManager: Shutting down and abandoning module PlacementMode (349)
[2017.06.01-10.39.33:174][  0]LogModuleManager: Shutting down and abandoning module WmfMediaEditor (346)
[2017.06.01-10.39.33:174][  0]LogModuleManager: Shutting down and abandoning module AvfMediaEditor (344)
[2017.06.01-10.39.33:174][  0]LogModuleManager: Shutting down and abandoning module AndroidMediaEditor (342)
[2017.06.01-10.39.33:174][  0]LogModuleManager: Shutting down and abandoning module CharacterAI (340)
[2017.06.01-10.39.33:174][  0]LogModuleManager: Shutting down and abandoning module AudioCapture (338)
[2017.06.01-10.39.33:174][  0]LogModuleManager: Shutting down and abandoning module SequenceRecorder (337)
[2017.06.01-10.39.33:174][  0]LogModuleManager: Shutting down and abandoning module Persona (336)
[2017.06.01-10.39.33:174][  0]LogModuleManager: Shutting down and abandoning module AdvancedPreviewScene (335)
[2017.06.01-10.39.33:174][  0]LogModuleManager: Shutting down and abandoning module AnimGraph (333)
[2017.06.01-10.39.33:174][  0]LogModuleManager: Shutting down and abandoning module SmartSnapping (328)
[2017.06.01-10.39.33:174][  0]LogModuleManager: Shutting down and abandoning module MovieSceneTracks (326)
[2017.06.01-10.39.33:174][  0]LogModuleManager: Shutting down and abandoning module MovieScene (324)
[2017.06.01-10.39.33:174][  0]LogModuleManager: Shutting down and abandoning module Niagara (322)
[2017.06.01-10.39.33:174][  0]LogModuleManager: Shutting down and abandoning module NiagaraEditor (321)
[2017.06.01-10.39.33:174][  0]LogModuleManager: Shutting down and abandoning module StreamingPauseRendering (318)
[2017.06.01-10.39.33:174][  0]LogModuleManager: Shutting down and abandoning module AIModule (316)
[2017.06.01-10.39.33:174][  0]LogModuleManager: Shutting down and abandoning module GameplayDebugger (315)
[2017.06.01-10.39.33:174][  0]LogModuleManager: Shutting down and abandoning module AITestSuite (313)
[2017.06.01-10.39.33:174][  0]LogModuleManager: Shutting down and abandoning module TRealPluginEditor (310)
[2017.06.01-10.39.33:174][  0]LogModuleManager: Shutting down and abandoning module LevelEditor (309)
[2017.06.01-10.39.33:175][  0]LogModuleManager: Shutting down and abandoning module PixelInspectorModule (308)
[2017.06.01-10.39.33:175][  0]LogModuleManager: Shutting down and abandoning module TRealPlugin (304)
[2017.06.01-10.39.33:175][  0]LogModuleManager: Shutting down and abandoning module SteamVRController (302)
[2017.06.01-10.39.33:175][  0]LogModuleManager: Shutting down and abandoning module SteamVR (300)
[2017.06.01-10.39.33:175][  0]LogModuleManager: Shutting down and abandoning module ProceduralMeshComponentEditor (298)
[2017.06.01-10.39.33:175][  0]LogModuleManager: Shutting down and abandoning module ProceduralMeshComponent (296)
[2017.06.01-10.39.33:175][  0]LogModuleManager: Shutting down and abandoning module OculusLibrary (294)
[2017.06.01-10.39.33:175][  0]LogModuleManager: Shutting down and abandoning module OculusInput (292)
[2017.06.01-10.39.33:175][  0]LogModuleManager: Shutting down and abandoning module MobilePatchingUtils (290)
[2017.06.01-10.39.33:175][  0]LogModuleManager: Shutting down and abandoning module CustomMeshComponent (288)
[2017.06.01-10.39.33:175][  0]LogModuleManager: Shutting down and abandoning module CableComponent (286)
[2017.06.01-10.39.33:175][  0]LogModuleManager: Shutting down and abandoning module ArchVisCharacter (284)
[2017.06.01-10.39.33:175][  0]LogModuleManager: Shutting down and abandoning module AndroidPermission (282)
[2017.06.01-10.39.33:175][  0]LogModuleManager: Shutting down and abandoning module MediaPlayerEditor (278)
[2017.06.01-10.39.33:175][  0]LogModuleManager: Shutting down and abandoning module HTML5Networking (276)
[2017.06.01-10.39.33:175][  0]LogModuleManager: Shutting down and abandoning module AlembicImporter (274)
[2017.06.01-10.39.33:175][  0]LogModuleManager: Shutting down and abandoning module AlembicLibrary (273)
[2017.06.01-10.39.33:175][  0]LogModuleManager: Shutting down and abandoning module GeometryCache (272)
[2017.06.01-10.39.33:175][  0]LogModuleManager: Shutting down and abandoning module GeometryCacheEd (271)
[2017.06.01-10.39.33:175][  0]LogModuleManager: Shutting down and abandoning module SuperSearchEditor (266)
[2017.06.01-10.39.33:175][  0]LogModuleManager: Shutting down and abandoning module SuperSearch (265)
[2017.06.01-10.39.33:175][  0]LogModuleManager: Shutting down and abandoning module SpeedTreeImporter (262)
[2017.06.01-10.39.33:175][  0]LogModuleManager: Shutting down and abandoning module PluginBrowser (260)
[2017.06.01-10.39.33:175][  0]LogModuleManager: Shutting down and abandoning module MainFrame (259)
[2017.06.01-10.39.33:175][  0]LogModuleManager: Shutting down and abandoning module MobileLauncherProfileWizard (256)
[2017.06.01-10.39.33:175][  0]LogModuleManager: Shutting down and abandoning module VisualStudioSourceCodeAccess (254)
[2017.06.01-10.39.33:175][  0]LogModuleManager: Shutting down and abandoning module DesktopPlatform (253)
[2017.06.01-10.39.33:175][  0]LogModuleManager: Shutting down and abandoning module HotReload (251)
[2017.06.01-10.39.33:175][  0]LogModuleManager: Shutting down and abandoning module DirectoryWatcher (250)
[2017.06.01-10.39.33:175][  0]LogModuleManager: Shutting down and abandoning module UObjectPlugin (246)
[2017.06.01-10.39.33:175][  0]LogModuleManager: Shutting down and abandoning module SubversionSourceControl (244)
[2017.06.01-10.39.33:175][  0]LogModuleManager: Shutting down and abandoning module PerforceSourceControl (242)
[2017.06.01-10.39.33:175][  0]LogModuleManager: Shutting down and abandoning module GitSourceControl (240)
[2017.06.01-10.39.33:175][  0]LogModuleManager: Shutting down and abandoning module SourceControl (239)
[2017.06.01-10.39.33:175][  0]LogModuleManager: Shutting down and abandoning module LightPropagationVolumeEditor (236)
[2017.06.01-10.39.33:175][  0]LogModuleManager: Shutting down and abandoning module PaperTiledImporter (234)
[2017.06.01-10.39.33:175][  0]LogModuleManager: Shutting down and abandoning module PaperSpriteSheetImporter (232)
[2017.06.01-10.39.33:175][  0]LogModuleManager: Shutting down and abandoning module Paper2DEditor (230)
[2017.06.01-10.39.33:175][  0]LogModuleManager: Shutting down and abandoning module MeshPaint (229)
[2017.06.01-10.39.33:175][  0]LogModuleManager: Shutting down and abandoning module PhysXVehiclesEditor (226)
[2017.06.01-10.39.33:175][  0]LogModuleManager: Shutting down and abandoning module PhysXVehicles (224)
[2017.06.01-10.39.33:175][  0]LogModuleManager: Shutting down and abandoning module LocationServicesBPLibrary (222)
[2017.06.01-10.39.33:175][  0]LogModuleManager: Shutting down and abandoning module ImmediatePhysicsEditor (220)
[2017.06.01-10.39.33:175][  0]LogModuleManager: Shutting down and abandoning module ImmediatePhysics (218)
[2017.06.01-10.39.33:175][  0]LogModuleManager: Shutting down and abandoning module UdpMessaging (216)
[2017.06.01-10.39.33:175][  0]LogModuleManager: Shutting down and abandoning module TcpMessaging (214)
[2017.06.01-10.39.33:176][  0]LogModuleManager: Shutting down and abandoning module GameplayTagsEditor (212)
[2017.06.01-10.39.33:176][  0]LogModuleManager: Shutting down and abandoning module FacialAnimationEditor (210)
[2017.06.01-10.39.33:176][  0]LogModuleManager: Shutting down and abandoning module FacialAnimation (208)
[2017.06.01-10.39.33:176][  0]LogModuleManager: Shutting down and abandoning module AssetManagerEditor (206)
[2017.06.01-10.39.33:176][  0]LogModuleManager: Shutting down and abandoning module LightPropagationVolumeRuntime (204)
[2017.06.01-10.39.33:176][  0]LogModuleManager: Shutting down and abandoning module Paper2D (202)
[2017.06.01-10.39.33:176][  0]LogModuleManager: Shutting down and abandoning module ClothingSystemEditor (200)
[2017.06.01-10.39.33:176][  0]LogModuleManager: Shutting down and abandoning module ClothingSystemRuntime (198)
[2017.06.01-10.39.33:176][  0]LogModuleManager: Shutting down and abandoning module MediaAssets (196)
[2017.06.01-10.39.33:176][  0]LogModuleManager: Shutting down and abandoning module GameLiveStreaming (194)
[2017.06.01-10.39.33:176][  0]LogModuleManager: Shutting down and abandoning module Blutility (192)
[2017.06.01-10.39.33:176][  0]LogModuleManager: Shutting down and abandoning module IntroTutorials (190)
[2017.06.01-10.39.33:176][  0]LogModuleManager: Shutting down and abandoning module VREditor (188)
[2017.06.01-10.39.33:176][  0]LogModuleManager: Shutting down and abandoning module StringTableEditor (186)
[2017.06.01-10.39.33:176][  0]LogModuleManager: Shutting down and abandoning module GameplayTasksEditor (184)
[2017.06.01-10.39.33:176][  0]LogModuleManager: Shutting down and abandoning module BehaviorTreeEditor (182)
[2017.06.01-10.39.33:176][  0]LogModuleManager: Shutting down and abandoning module FunctionalTesting (180)
[2017.06.01-10.39.33:176][  0]LogModuleManager: Shutting down and abandoning module CollisionAnalyzer (178)
[2017.06.01-10.39.33:176][  0]LogModuleManager: Shutting down and abandoning module UMG (176)
[2017.06.01-10.39.33:176][  0]LogModuleManager: Shutting down and abandoning module UMGEditor (175)
[2017.06.01-10.39.33:176][  0]LogModuleManager: Shutting down and abandoning module Sequencer (174)
[2017.06.01-10.39.33:176][  0]LogModuleManager: Shutting down and abandoning module AssetTools (172)
[2017.06.01-10.39.33:176][  0]LogModuleManager: Shutting down and abandoning module MessageLog (171)
[2017.06.01-10.39.33:176][  0]LogModuleManager: Shutting down and abandoning module WorkspaceMenuStructure (170)
[2017.06.01-10.39.33:176][  0]LogModuleManager: Shutting down and abandoning module SlateReflector (164)
[2017.06.01-10.39.33:176][  0]LogModuleManager: Shutting down and abandoning module Slate (162)
[2017.06.01-10.39.33:176][  0]LogModuleManager: Shutting down and abandoning module EditorStyle (160)
[2017.06.01-10.39.33:179][  0]LogModuleManager: Shutting down and abandoning module SourceCodeAccess (158)
[2017.06.01-10.39.33:179][  0]LogModuleManager: Shutting down and abandoning module HeadMountedDisplay (156)
[2017.06.01-10.39.33:179][  0]LogModuleManager: Shutting down and abandoning module XAudio2 (154)
[2017.06.01-10.39.33:179][  0]LogModuleManager: Shutting down and abandoning module Networking (152)
[2017.06.01-10.39.33:179][  0]LogModuleManager: Shutting down and abandoning module Core (148)
[2017.06.01-10.39.33:179][  0]LogModuleManager: Shutting down and abandoning module AssetRegistry (146)
[2017.06.01-10.39.33:180][  0]LogModuleManager: Shutting down and abandoning module KismetCompiler (144)
[2017.06.01-10.39.33:180][  0]LogModuleManager: Shutting down and abandoning module LevelSequence (142)
[2017.06.01-10.39.33:180][  0]LogModuleManager: Shutting down and abandoning module PhysXFormats (140)
[2017.06.01-10.39.33:180][  0]LogModuleManager: Shutting down and abandoning module MeshUtilities (138)
[2017.06.01-10.39.33:180][  0]LogModuleManager: Shutting down and abandoning module QuadricMeshReduction (137)
[2017.06.01-10.39.33:180][  0]LogModuleManager: Shutting down and abandoning module DerivedDataCache (134)
[2017.06.01-10.39.33:421][  0]LogDerivedDataCache: Shutdown
[2017.06.01-10.39.33:421][  0]LogModuleManager: Shutting down and abandoning module TargetPlatform (132)
[2017.06.01-10.39.33:421][  0]LogModuleManager: Shutting down and abandoning module VulkanShaderFormat (131)
[2017.06.01-10.39.33:421][  0]LogModuleManager: Shutting down and abandoning module ShaderFormatVectorVM (129)
[2017.06.01-10.39.33:421][  0]LogModuleManager: Shutting down and abandoning module ShaderFormatOpenGL (127)
[2017.06.01-10.39.33:421][  0]LogModuleManager: Shutting down and abandoning module ShaderFormatD3D (125)
[2017.06.01-10.39.33:421][  0]LogModuleManager: Shutting down and abandoning module MetalShaderFormat (123)
[2017.06.01-10.39.33:421][  0]LogModuleManager: Shutting down and abandoning module TextureFormatUncompressed (121)
[2017.06.01-10.39.33:421][  0]LogModuleManager: Shutting down and abandoning module TextureFormatPVR (119)
[2017.06.01-10.39.33:421][  0]LogModuleManager: Shutting down and abandoning module TextureFormatDXT (117)
[2017.06.01-10.39.33:421][  0]LogModuleManager: Shutting down and abandoning module TextureFormatIntelISPCTexComp (115)
[2017.06.01-10.39.33:421][  0]LogModuleManager: Shutting down and abandoning module TextureFormatASTC (113)
[2017.06.01-10.39.33:421][  0]LogModuleManager: Shutting down and abandoning module ImageWrapper (112)
[2017.06.01-10.39.33:421][  0]LogModuleManager: Shutting down and abandoning module TextureFormatAndroid (109)
[2017.06.01-10.39.33:421][  0]LogModuleManager: Shutting down and abandoning module AudioFormatOpus (107)
[2017.06.01-10.39.33:421][  0]LogModuleManager: Shutting down and abandoning module AudioFormatOgg (105)
[2017.06.01-10.39.33:421][  0]LogModuleManager: Shutting down and abandoning module AudioFormatADPCM (103)
[2017.06.01-10.39.33:421][  0]LogModuleManager: Shutting down and abandoning module TVOSTargetPlatform (101)
[2017.06.01-10.39.33:421][  0]LogModuleManager: Shutting down and abandoning module Messaging (99)
[2017.06.01-10.39.33:421][  0]LogModuleManager: Shutting down and abandoning module IOSTargetPlatform (97)
[2017.06.01-10.39.33:421][  0]LogModuleManager: Shutting down and abandoning module HTML5TargetPlatform (95)
[2017.06.01-10.39.33:421][  0]LogModuleManager: Shutting down and abandoning module Android_PVRTCTargetPlatform (93)
[2017.06.01-10.39.33:422][  0]LogModuleManager: Shutting down and abandoning module Android_MultiTargetPlatform (91)
[2017.06.01-10.39.33:422][  0]LogModuleManager: Shutting down and abandoning module Android_ETC2TargetPlatform (89)
[2017.06.01-10.39.33:422][  0]LogModuleManager: Shutting down and abandoning module Android_ETC1TargetPlatform (87)
[2017.06.01-10.39.33:422][  0]LogModuleManager: Shutting down and abandoning module Android_DXTTargetPlatform (85)
[2017.06.01-10.39.33:422][  0]LogModuleManager: Shutting down and abandoning module Android_ATCTargetPlatform (83)
[2017.06.01-10.39.33:422][  0]LogModuleManager: Shutting down and abandoning module Android_ASTCTargetPlatform (81)
[2017.06.01-10.39.33:422][  0]LogModuleManager: Shutting down and abandoning module AndroidTargetPlatform (79)
[2017.06.01-10.39.33:422][  0]LogModuleManager: Shutting down and abandoning module WindowsTargetPlatform (77)
[2017.06.01-10.39.33:422][  0]LogModuleManager: Shutting down and abandoning module WindowsServerTargetPlatform (75)
[2017.06.01-10.39.33:422][  0]LogModuleManager: Shutting down and abandoning module WindowsNoEditorTargetPlatform (73)
[2017.06.01-10.39.33:422][  0]LogModuleManager: Shutting down and abandoning module WindowsClientTargetPlatform (71)
[2017.06.01-10.39.33:422][  0]LogModuleManager: Shutting down and abandoning module MacTargetPlatform (69)
[2017.06.01-10.39.33:422][  0]LogModuleManager: Shutting down and abandoning module MacServerTargetPlatform (67)
[2017.06.01-10.39.33:422][  0]LogModuleManager: Shutting down and abandoning module MacNoEditorTargetPlatform (65)
[2017.06.01-10.39.33:422][  0]LogModuleManager: Shutting down and abandoning module MacClientTargetPlatform (63)
[2017.06.01-10.39.33:422][  0]LogModuleManager: Shutting down and abandoning module AllDesktopTargetPlatform (61)
[2017.06.01-10.39.33:422][  0]LogModuleManager: Shutting down and abandoning module NullDrv (58)
[2017.06.01-10.39.33:422][  0]LogModuleManager: Shutting down and abandoning module ExampleDeviceProfileSelector (56)
[2017.06.01-10.39.33:422][  0]LogModuleManager: Shutting down and abandoning module OculusRift (54)
[2017.06.01-10.39.33:422][  0]LogModuleManager: Shutting down and abandoning module GearVRController (52)
[2017.06.01-10.39.33:422][  0]LogModuleManager: Shutting down and abandoning module GearVR (50)
[2017.06.01-10.39.33:422][  0]LogModuleManager: Shutting down and abandoning module OnlineBlueprintSupport (48)
[2017.06.01-10.39.33:422][  0]LogModuleManager: Shutting down and abandoning module OnlineSubsystem (44)
[2017.06.01-10.39.33:422][  0]LogOnline:Display: Unloading online subsystem: NULL
[2017.06.01-10.39.33:424][  0]LogModuleManager: Shutting down and abandoning module XMPP (43)
[2017.06.01-10.39.33:424][  0]LogModuleManager: Shutting down and abandoning module HTTP (41)
[2017.06.01-10.39.33:445][  0]LogModuleManager: Shutting down and abandoning module SSL (40)
[2017.06.01-10.39.33:447][  0]LogModuleManager: Shutting down and abandoning module HTTPChunkInstaller (36)
[2017.06.01-10.39.33:447][  0]LogModuleManager: Shutting down and abandoning module AnimationModifiers (34)
[2017.06.01-10.39.33:447][  0]LogModuleManager: Shutting down and abandoning module PropertyEditor (33)
[2017.06.01-10.39.33:447][  0]LogModuleManager: Shutting down and abandoning module AudioEditor (30)
[2017.06.01-10.39.33:447][  0]LogModuleManager: Shutting down and abandoning module TextureCompressor (28)
[2017.06.01-10.39.33:447][  0]LogModuleManager: Shutting down and abandoning module ShaderCore (26)
[2017.06.01-10.39.33:447][  0]LogModuleManager: Shutting down and abandoning module Landscape (24)
[2017.06.01-10.39.33:447][  0]LogModuleManager: Shutting down and abandoning module SlateRHIRenderer (22)
[2017.06.01-10.39.33:447][  0]LogModuleManager: Shutting down and abandoning module OpenGLDrv (20)
[2017.06.01-10.39.33:447][  0]LogModuleManager: Shutting down and abandoning module D3D11RHI (18)
[2017.06.01-10.39.33:447][  0]LogModuleManager: Shutting down and abandoning module AnimGraphRuntime (16)
[2017.06.01-10.39.33:447][  0]LogModuleManager: Shutting down and abandoning module Renderer (14)
[2017.06.01-10.39.33:447][  0]LogModuleManager: Shutting down and abandoning module Engine (12)
[2017.06.01-10.39.33:447][  0]LogModuleManager: Shutting down and abandoning module CoreUObject (10)
[2017.06.01-10.39.33:447][  0]LogModuleManager: Shutting down and abandoning module NetworkFile (8)
[2017.06.01-10.39.33:447][  0]LogModuleManager: Shutting down and abandoning module StreamingFile (6)
[2017.06.01-10.39.33:447][  0]LogModuleManager: Shutting down and abandoning module SandboxFile (4)
[2017.06.01-10.39.33:447][  0]LogModuleManager: Shutting down and abandoning module PakFile (2)
[2017.06.01-10.39.33:449][  0]LogExit: Exiting.
[2017.06.01-10.39.33:454][  0]Log file closed, 06/01/17 12:39:33
